2025-11-29 15:05:53,161 - INFO - 日志将保存到文件: logfile.log
2025-11-29 15:05:53,161 - INFO - ==================================================
2025-11-29 15:05:53,161 - INFO - Sitemap解析和百度URL提交工具启动
2025-11-29 15:05:53,161 - INFO - 日志文件: logfile.log
2025-11-29 15:05:53,162 - INFO - ==================================================
2025-11-29 15:05:53,162 - INFO - 正在获取sitemap:  https://www.bonan.online/sitemap.xml
2025-11-29 15:05:55,565 - INFO - 从sitemap中提取到 24 个URL
2025-11-29 15:05:55,566 - INFO - 已保存 24 个URL到 urls.txt
2025-11-29 15:05:55,566 - INFO - 前5个URL预览:
2025-11-29 15:05:55,566 - INFO - 1. https://www.bonan.online/
2025-11-29 15:05:55,566 - INFO - 2. https://www.bonan.online/posts/CSAPP-2
2025-11-29 15:05:55,566 - INFO - 3. https://www.bonan.online/posts/CSAPP-1
2025-11-29 15:05:55,567 - INFO - 4. https://www.bonan.online/posts/Xtbx
2025-11-29 15:05:55,567 - INFO - 5. https://www.bonan.online/posts/CSAPP
2025-11-29 15:05:55,567 - INFO - 正在提交URL到百度API (Token: SNum***6Obr)
2025-11-29 15:05:55,567 - INFO - 站点URL: https://www.bonan.online
2025-11-29 15:05:55,567 - INFO - API URL: http://data.zz.baidu.com/urls?site=https%3A%2F%2Fwww.bonan.online&token=SNum***6Obr
2025-11-29 15:05:55,567 - INFO - 提交的URL数量: 24
2025-11-29 15:05:55,567 - INFO - 正在发送请求到百度API...
2025-11-29 15:05:57,635 - ERROR - 提交URL到百度失败: HTTP 400 - {"error":400,"message":"site init fail"}
2025-11-29 15:05:57,635 - INFO - ==================================================
2025-11-29 15:05:57,635 - INFO - 程序执行完成
2025-11-29 15:05:57,635 - INFO - ==================================================
2025-11-30 00:47:06,167 - INFO - 日志将保存到文件: logfile.log
2025-11-30 00:47:06,167 - INFO - ==================================================
2025-11-30 00:47:06,167 - INFO - Sitemap解析和百度URL提交工具启动
2025-11-30 00:47:06,167 - INFO - 日志文件: logfile.log
2025-11-30 00:47:06,167 - INFO - ==================================================
2025-11-30 00:47:06,167 - INFO - 正在获取sitemap:  https://www.bonan.online/sitemap.xml
2025-11-30 00:47:07,199 - INFO - 从sitemap中提取到 24 个URL
2025-11-30 00:47:07,200 - INFO - 已保存 24 个URL到 urls.txt
2025-11-30 00:47:07,200 - INFO - 前5个URL预览:
2025-11-30 00:47:07,200 - INFO - 1. https://www.bonan.online/
2025-11-30 00:47:07,201 - INFO - 2. https://www.bonan.online/posts/CSAPP-2
2025-11-30 00:47:07,201 - INFO - 3. https://www.bonan.online/posts/CSAPP-1
2025-11-30 00:47:07,201 - INFO - 4. https://www.bonan.online/posts/Xtbx
2025-11-30 00:47:07,201 - INFO - 5. https://www.bonan.online/posts/CSAPP
2025-11-30 00:47:07,201 - INFO - 正在提交URL到百度API (Token: SNum***6Obr)
2025-11-30 00:47:07,201 - INFO - 站点URL: https://www.bonan.online
2025-11-30 00:47:07,201 - INFO - API URL: http://data.zz.baidu.com/urls?site=https%3A%2F%2Fwww.bonan.online&token=SNum***6Obr
2025-11-30 00:47:07,201 - INFO - 提交的URL数量: 24
2025-11-30 00:47:07,202 - INFO - 正在发送请求到百度API...
2025-11-30 00:47:08,088 - ERROR - 提交URL到百度失败: HTTP 400 - {"error":400,"message":"site init fail"}
2025-11-30 00:47:08,088 - INFO - ==================================================
2025-11-30 00:47:08,088 - INFO - 程序执行完成
2025-11-30 00:47:08,088 - INFO - ==================================================
2025-11-30 16:07:34,295 - INFO - 日志将保存到文件: logfile.log
2025-11-30 16:07:34,296 - INFO - ==================================================
2025-11-30 16:07:34,296 - INFO - Sitemap解析和百度URL提交工具启动
2025-11-30 16:07:34,296 - INFO - 日志文件: logfile.log
2025-11-30 16:07:34,296 - INFO - ==================================================
2025-11-30 16:07:34,296 - INFO - 正在获取sitemap:  https://www.bonan.online/sitemap.xml
2025-11-30 16:07:35,630 - INFO - 从sitemap中提取到 26 个URL
2025-11-30 16:07:35,631 - INFO - 已保存 26 个URL到 urls.txt
2025-11-30 16:07:35,631 - INFO - 前5个URL预览:
2025-11-30 16:07:35,631 - INFO - 1. https://www.bonan.online/
2025-11-30 16:07:35,632 - INFO - 2. https://www.bonan.online/posts/MeshDrawingPipeline
2025-11-30 16:07:35,632 - INFO - 3. https://www.bonan.online/posts/Lyra'sAnimation
2025-11-30 16:07:35,632 - INFO - 4. https://www.bonan.online/posts/CSAPP-2
2025-11-30 16:07:35,632 - INFO - 5. https://www.bonan.online/posts/CSAPP-1
2025-11-30 16:07:35,632 - INFO - 正在提交URL到百度API (Token: SNum***6Obr)
2025-11-30 16:07:35,632 - INFO - 站点URL: https://www.bonan.online
2025-11-30 16:07:35,632 - INFO - API URL: http://data.zz.baidu.com/urls?site=https%3A%2F%2Fwww.bonan.online&token=SNum***6Obr
2025-11-30 16:07:35,632 - INFO - 提交的URL数量: 26
2025-11-30 16:07:35,632 - INFO - 正在发送请求到百度API...
2025-11-30 16:07:36,599 - ERROR - 提交URL到百度失败: HTTP 400 - {"error":400,"message":"site init fail"}
2025-11-30 16:07:36,600 - INFO - ==================================================
2025-11-30 16:07:36,600 - INFO - 程序执行完成
2025-11-30 16:07:36,600 - INFO - ==================================================
2025-12-01 00:52:23,329 - INFO - 日志将保存到文件: logfile.log
2025-12-01 00:52:23,329 - INFO - ==================================================
2025-12-01 00:52:23,329 - INFO - Sitemap解析和百度URL提交工具启动
2025-12-01 00:52:23,329 - INFO - 日志文件: logfile.log
2025-12-01 00:52:23,329 - INFO - ==================================================
2025-12-01 00:52:23,329 - INFO - 正在获取sitemap:  https://www.bonan.online/sitemap.xml
2025-12-01 00:52:24,538 - INFO - 从sitemap中提取到 26 个URL
2025-12-01 00:52:24,539 - INFO - 已保存 26 个URL到 urls.txt
2025-12-01 00:52:24,539 - INFO - 前5个URL预览:
2025-12-01 00:52:24,539 - INFO - 1. https://www.bonan.online/
2025-12-01 00:52:24,539 - INFO - 2. https://www.bonan.online/posts/MeshDrawingPipeline
2025-12-01 00:52:24,540 - INFO - 3. https://www.bonan.online/posts/Lyra'sAnimation
2025-12-01 00:52:24,540 - INFO - 4. https://www.bonan.online/posts/CSAPP-2
2025-12-01 00:52:24,540 - INFO - 5. https://www.bonan.online/posts/CSAPP-1
2025-12-01 00:52:24,540 - INFO - 正在提交URL到百度API (Token: SNum***6Obr)
2025-12-01 00:52:24,540 - INFO - 站点URL: https://www.bonan.online
2025-12-01 00:52:24,540 - INFO - API URL: http://data.zz.baidu.com/urls?site=https%3A%2F%2Fwww.bonan.online&token=SNum***6Obr
2025-12-01 00:52:24,540 - INFO - 提交的URL数量: 26
2025-12-01 00:52:24,540 - INFO - 正在发送请求到百度API...
2025-12-01 00:52:25,765 - ERROR - 提交URL到百度失败: HTTP 400 - {"error":400,"message":"site init fail"}
2025-12-01 00:52:25,765 - INFO - ==================================================
2025-12-01 00:52:25,765 - INFO - 程序执行完成
2025-12-01 00:52:25,765 - INFO - ==================================================
