2025-12-01 13:48:58,926 - INFO - 日志将保存到文件: parse_sitemap.log
2025-12-01 13:48:58,926 - INFO - ==================================================
2025-12-01 13:48:58,927 - INFO - Sitemap解析工具启动
2025-12-01 13:48:58,927 - INFO - 日志文件: parse_sitemap.log
2025-12-01 13:48:58,927 - INFO - ==================================================
2025-12-01 13:48:58,927 - INFO - 正在获取sitemap:  https://www.bonan.online/sitemap.xml
2025-12-01 13:49:00,083 - INFO - 从sitemap中提取到 27 个URL
2025-12-01 13:49:00,085 - INFO - 已保存 27 个URL到 urls.txt
2025-12-01 13:49:00,085 - INFO - 前5个URL预览:
2025-12-01 13:49:00,085 - INFO - 1. https://www.bonan.online/
2025-12-01 13:49:00,085 - INFO - 2. https://www.bonan.online/posts/MeshDrawingPipeline
2025-12-01 13:49:00,085 - INFO - 3. https://www.bonan.online/posts/Lyra'sAnimation
2025-12-01 13:49:00,085 - INFO - 4. https://www.bonan.online/posts/CSAPP-2
2025-12-01 13:49:00,085 - INFO - 5. https://www.bonan.online/posts/CSAPP-1
2025-12-01 13:49:00,085 - INFO - ==================================================
2025-12-01 13:49:00,086 - INFO - 程序执行完成
2025-12-01 13:49:00,086 - INFO - URL列表已保存到: urls.txt
2025-12-01 13:49:00,086 - INFO - 如需提交到百度，请使用: python submit_baidu.py --urls-file urls.txt
2025-12-01 13:49:00,086 - INFO - ==================================================
2025-12-01 14:37:35,842 - INFO - 日志将保存到文件: parse_sitemap.log
2025-12-01 14:37:35,842 - INFO - ==================================================
2025-12-01 14:37:35,842 - INFO - Sitemap解析工具启动
2025-12-01 14:37:35,843 - INFO - 日志文件: parse_sitemap.log
2025-12-01 14:37:35,843 - INFO - ==================================================
2025-12-01 14:37:37,127 - INFO - 已保存 27 个URL到 urls.txt
2025-12-01 14:37:37,127 - INFO - 前5个URL预览:
2025-12-01 14:37:37,127 - INFO - 1. https://www.bonan.online/
2025-12-01 14:37:37,127 - INFO - 2. https://www.bonan.online/posts/MeshDrawingPipeline
2025-12-01 14:37:37,127 - INFO - 3. https://www.bonan.online/posts/Lyra'sAnimation
2025-12-01 14:37:37,128 - INFO - 4. https://www.bonan.online/posts/CSAPP-2
2025-12-01 14:37:37,128 - INFO - 5. https://www.bonan.online/posts/CSAPP-1
2025-12-01 14:37:37,128 - INFO - ==================================================
2025-12-01 14:37:37,128 - INFO - 程序执行完成
2025-12-01 14:37:37,128 - INFO - URL列表已保存到: urls.txt
2025-12-01 14:37:37,128 - INFO - 如需提交到百度，请使用: python submit_baidu.py --urls-file urls.txt
2025-12-01 14:37:37,128 - INFO - ==================================================
2025-12-01 14:41:08,672 - INFO - 日志将保存到文件: parse_sitemap.log
2025-12-01 14:41:08,673 - INFO - ==================================================
2025-12-01 14:41:08,673 - INFO - Sitemap解析工具启动
2025-12-01 14:41:08,673 - INFO - 日志文件: parse_sitemap.log
2025-12-01 14:41:08,673 - INFO - ==================================================
2025-12-01 14:41:09,951 - INFO - 已保存 27 个URL到 urls.txt
2025-12-01 14:41:09,951 - INFO - 前5个URL预览:
2025-12-01 14:41:09,951 - INFO - 1. https://www.bonan.online/
2025-12-01 14:41:09,951 - INFO - 2. https://www.bonan.online/posts/MeshDrawingPipeline
2025-12-01 14:41:09,951 - INFO - 3. https://www.bonan.online/posts/Lyra'sAnimation
2025-12-01 14:41:09,951 - INFO - 4. https://www.bonan.online/posts/CSAPP-2
2025-12-01 14:41:09,952 - INFO - 5. https://www.bonan.online/posts/CSAPP-1
2025-12-01 14:41:09,952 - INFO - ==================================================
2025-12-01 14:41:09,952 - INFO - 程序执行完成
2025-12-01 14:41:09,952 - INFO - URL列表已保存到: urls.txt
2025-12-01 14:41:09,952 - INFO - 如需提交到百度，请使用: python submit_baidu.py --urls-file urls.txt
2025-12-01 14:41:09,952 - INFO - ==================================================
2025-12-01 15:15:55,831 - INFO - 日志将保存到文件: parse_sitemap.log
2025-12-01 15:15:55,831 - INFO - ==================================================
2025-12-01 15:15:55,832 - INFO - Sitemap解析工具启动
2025-12-01 15:15:55,832 - INFO - 日志文件: parse_sitemap.log
2025-12-01 15:15:55,832 - INFO - ==================================================
2025-12-01 15:15:57,977 - INFO - 已保存 27 个URL到 urls.txt
2025-12-01 15:15:57,978 - INFO - 前5个URL预览:
2025-12-01 15:15:57,978 - INFO - 1. https://www.bonan.online/
2025-12-01 15:15:57,978 - INFO - 2. https://www.bonan.online/posts/MeshDrawingPipeline
2025-12-01 15:15:57,978 - INFO - 3. https://www.bonan.online/posts/Lyra'sAnimation
2025-12-01 15:15:57,978 - INFO - 4. https://www.bonan.online/posts/CSAPP-2
2025-12-01 15:15:57,978 - INFO - 5. https://www.bonan.online/posts/CSAPP-1
2025-12-01 15:15:57,978 - INFO - ==================================================
2025-12-01 15:15:57,978 - INFO - 程序执行完成
2025-12-01 15:15:57,978 - INFO - URL列表已保存到: urls.txt
2025-12-01 15:15:57,978 - INFO - 如需提交到百度，请使用: python submit_baidu.py --urls-file urls.txt
2025-12-01 15:15:57,978 - INFO - ==================================================
2025-12-02 00:42:18,423 - INFO - 日志将保存到文件: parse_sitemap.log
2025-12-02 00:42:18,423 - INFO - ==================================================
2025-12-02 00:42:18,423 - INFO - Sitemap解析工具启动
2025-12-02 00:42:18,423 - INFO - 日志文件: parse_sitemap.log
2025-12-02 00:42:18,423 - INFO - ==================================================
2025-12-02 00:42:18,423 - INFO - 正在获取sitemap:  https://www.bonan.online/sitemap.xml
2025-12-02 00:42:19,446 - INFO - 从sitemap中提取到 27 个URL
2025-12-02 00:42:19,447 - INFO - 已保存 27 个URL到 urls.txt
2025-12-02 00:42:19,447 - INFO - 前5个URL预览:
2025-12-02 00:42:19,447 - INFO - 1. https://www.bonan.online/
2025-12-02 00:42:19,447 - INFO - 2. https://www.bonan.online/posts/MeshDrawingPipeline
2025-12-02 00:42:19,447 - INFO - 3. https://www.bonan.online/posts/Lyra'sAnimation
2025-12-02 00:42:19,447 - INFO - 4. https://www.bonan.online/posts/CSAPP-2
2025-12-02 00:42:19,448 - INFO - 5. https://www.bonan.online/posts/CSAPP-1
2025-12-02 00:42:19,448 - INFO - ==================================================
2025-12-02 00:42:19,448 - INFO - 程序执行完成
2025-12-02 00:42:19,448 - INFO - URL列表已保存到: urls.txt
2025-12-02 00:42:19,448 - INFO - 如需提交到百度，请使用: python submit_baidu.py --urls-file urls.txt
2025-12-02 00:42:19,448 - INFO - ==================================================
2025-12-02 00:47:32,009 - INFO - 日志将保存到文件: parse_sitemap.log
2025-12-02 00:47:32,009 - INFO - ==================================================
2025-12-02 00:47:32,009 - INFO - Sitemap解析工具启动
2025-12-02 00:47:32,010 - INFO - 日志文件: parse_sitemap.log
2025-12-02 00:47:32,010 - INFO - ==================================================
2025-12-02 00:47:33,055 - INFO - 已保存 27 个URL到 urls.txt
2025-12-02 00:47:33,055 - INFO - 前5个URL预览:
2025-12-02 00:47:33,055 - INFO - 1. https://www.bonan.online/
2025-12-02 00:47:33,056 - INFO - 2. https://www.bonan.online/posts/MeshDrawingPipeline
2025-12-02 00:47:33,056 - INFO - 3. https://www.bonan.online/posts/Lyra'sAnimation
2025-12-02 00:47:33,056 - INFO - 4. https://www.bonan.online/posts/CSAPP-2
2025-12-02 00:47:33,056 - INFO - 5. https://www.bonan.online/posts/CSAPP-1
2025-12-02 00:47:33,056 - INFO - ==================================================
2025-12-02 00:47:33,056 - INFO - 程序执行完成
2025-12-02 00:47:33,056 - INFO - URL列表已保存到: urls.txt
2025-12-02 00:47:33,056 - INFO - 如需提交到百度，请使用: python submit_baidu.py --urls-file urls.txt
2025-12-02 00:47:33,056 - INFO - ==================================================
2025-12-03 00:41:43,307 - INFO - 日志将保存到文件: parse_sitemap.log
2025-12-03 00:41:43,307 - INFO - ==================================================
2025-12-03 00:41:43,307 - INFO - Sitemap解析工具启动
2025-12-03 00:41:43,307 - INFO - 日志文件: parse_sitemap.log
2025-12-03 00:41:43,307 - INFO - ==================================================
2025-12-03 00:41:43,307 - INFO - 正在获取sitemap:  https://www.bonan.online/sitemap.xml
2025-12-03 00:41:44,457 - INFO - 从sitemap中提取到 28 个URL
2025-12-03 00:41:44,458 - INFO - 已保存 28 个URL到 urls.txt
2025-12-03 00:41:44,458 - INFO - 前5个URL预览:
2025-12-03 00:41:44,459 - INFO - 1. https://www.bonan.online/
2025-12-03 00:41:44,459 - INFO - 2. https://www.bonan.online/posts/Badge
2025-12-03 00:41:44,459 - INFO - 3. https://www.bonan.online/posts/MeshDrawingPipeline
2025-12-03 00:41:44,459 - INFO - 4. https://www.bonan.online/posts/Lyra'sAnimation
2025-12-03 00:41:44,459 - INFO - 5. https://www.bonan.online/posts/CSAPP-2
2025-12-03 00:41:44,459 - INFO - ==================================================
2025-12-03 00:41:44,459 - INFO - 程序执行完成
2025-12-03 00:41:44,459 - INFO - URL列表已保存到: urls.txt
2025-12-03 00:41:44,459 - INFO - 如需提交到百度，请使用: python submit_baidu.py --urls-file urls.txt
2025-12-03 00:41:44,459 - INFO - ==================================================
2025-12-03 00:46:43,880 - INFO - 日志将保存到文件: parse_sitemap.log
2025-12-03 00:46:43,881 - INFO - ==================================================
2025-12-03 00:46:43,881 - INFO - Sitemap解析工具启动
2025-12-03 00:46:43,881 - INFO - 日志文件: parse_sitemap.log
2025-12-03 00:46:43,881 - INFO - ==================================================
2025-12-03 00:46:45,018 - INFO - 已保存 28 个URL到 urls.txt
2025-12-03 00:46:45,018 - INFO - 前5个URL预览:
2025-12-03 00:46:45,018 - INFO - 1. https://www.bonan.online/
2025-12-03 00:46:45,018 - INFO - 2. https://www.bonan.online/posts/Badge
2025-12-03 00:46:45,018 - INFO - 3. https://www.bonan.online/posts/MeshDrawingPipeline
2025-12-03 00:46:45,018 - INFO - 4. https://www.bonan.online/posts/Lyra'sAnimation
2025-12-03 00:46:45,018 - INFO - 5. https://www.bonan.online/posts/CSAPP-2
2025-12-03 00:46:45,019 - INFO - ==================================================
2025-12-03 00:46:45,019 - INFO - 程序执行完成
2025-12-03 00:46:45,019 - INFO - URL列表已保存到: urls.txt
2025-12-03 00:46:45,019 - INFO - 如需提交到百度，请使用: python submit_baidu.py --urls-file urls.txt
2025-12-03 00:46:45,019 - INFO - ==================================================
2025-12-04 00:42:01,726 - INFO - 日志将保存到文件: parse_sitemap.log
2025-12-04 00:42:01,726 - INFO - ==================================================
2025-12-04 00:42:01,726 - INFO - Sitemap解析工具启动
2025-12-04 00:42:01,726 - INFO - 日志文件: parse_sitemap.log
2025-12-04 00:42:01,726 - INFO - ==================================================
2025-12-04 00:42:01,726 - INFO - 正在获取sitemap:  https://www.bonan.online/sitemap.xml
2025-12-04 00:42:02,718 - INFO - 从sitemap中提取到 28 个URL
2025-12-04 00:42:02,720 - INFO - 已保存 28 个URL到 urls.txt
2025-12-04 00:42:02,720 - INFO - 前5个URL预览:
2025-12-04 00:42:02,720 - INFO - 1. https://www.bonan.online/
2025-12-04 00:42:02,720 - INFO - 2. https://www.bonan.online/posts/Badge
2025-12-04 00:42:02,720 - INFO - 3. https://www.bonan.online/posts/MeshDrawingPipeline
2025-12-04 00:42:02,720 - INFO - 4. https://www.bonan.online/posts/Lyra'sAnimation
2025-12-04 00:42:02,720 - INFO - 5. https://www.bonan.online/posts/CSAPP-2
2025-12-04 00:42:02,720 - INFO - ==================================================
2025-12-04 00:42:02,720 - INFO - 程序执行完成
2025-12-04 00:42:02,720 - INFO - URL列表已保存到: urls.txt
2025-12-04 00:42:02,720 - INFO - 如需提交到百度，请使用: python submit_baidu.py --urls-file urls.txt
2025-12-04 00:42:02,720 - INFO - ==================================================
2025-12-04 00:47:14,258 - INFO - 日志将保存到文件: parse_sitemap.log
2025-12-04 00:47:14,258 - INFO - ==================================================
2025-12-04 00:47:14,259 - INFO - Sitemap解析工具启动
2025-12-04 00:47:14,259 - INFO - 日志文件: parse_sitemap.log
2025-12-04 00:47:14,259 - INFO - ==================================================
2025-12-04 00:47:15,682 - INFO - 已保存 28 个URL到 urls.txt
2025-12-04 00:47:15,682 - INFO - 前5个URL预览:
2025-12-04 00:47:15,683 - INFO - 1. https://www.bonan.online/
2025-12-04 00:47:15,683 - INFO - 2. https://www.bonan.online/posts/Badge
2025-12-04 00:47:15,683 - INFO - 3. https://www.bonan.online/posts/MeshDrawingPipeline
2025-12-04 00:47:15,683 - INFO - 4. https://www.bonan.online/posts/Lyra'sAnimation
2025-12-04 00:47:15,683 - INFO - 5. https://www.bonan.online/posts/CSAPP-2
2025-12-04 00:47:15,683 - INFO - ==================================================
2025-12-04 00:47:15,683 - INFO - 程序执行完成
2025-12-04 00:47:15,683 - INFO - URL列表已保存到: urls.txt
2025-12-04 00:47:15,683 - INFO - 如需提交到百度，请使用: python submit_baidu.py --urls-file urls.txt
2025-12-04 00:47:15,683 - INFO - ==================================================
2025-12-05 00:42:46,023 - INFO - 日志将保存到文件: parse_sitemap.log
2025-12-05 00:42:46,023 - INFO - ==================================================
2025-12-05 00:42:46,023 - INFO - Sitemap解析工具启动
2025-12-05 00:42:46,023 - INFO - 日志文件: parse_sitemap.log
2025-12-05 00:42:46,024 - INFO - ==================================================
2025-12-05 00:42:46,024 - INFO - 正在获取sitemap:  https://www.bonan.online/sitemap.xml
2025-12-05 00:42:47,138 - INFO - 从sitemap中提取到 29 个URL
2025-12-05 00:42:47,140 - INFO - 已保存 29 个URL到 urls.txt
2025-12-05 00:42:47,140 - INFO - 前5个URL预览:
2025-12-05 00:42:47,140 - INFO - 1. https://www.bonan.online/
2025-12-05 00:42:47,140 - INFO - 2. https://www.bonan.online/posts/AwesomeWebsites
2025-12-05 00:42:47,140 - INFO - 3. https://www.bonan.online/posts/Badge
2025-12-05 00:42:47,140 - INFO - 4. https://www.bonan.online/posts/MeshDrawingPipeline
2025-12-05 00:42:47,141 - INFO - 5. https://www.bonan.online/posts/Lyra'sAnimation
2025-12-05 00:42:47,141 - INFO - ==================================================
2025-12-05 00:42:47,141 - INFO - 程序执行完成
2025-12-05 00:42:47,141 - INFO - URL列表已保存到: urls.txt
2025-12-05 00:42:47,141 - INFO - 如需提交到百度，请使用: python submit_baidu.py --urls-file urls.txt
2025-12-05 00:42:47,141 - INFO - ==================================================
2025-12-05 00:47:14,248 - INFO - 日志将保存到文件: parse_sitemap.log
2025-12-05 00:47:14,248 - INFO - ==================================================
2025-12-05 00:47:14,248 - INFO - Sitemap解析工具启动
2025-12-05 00:47:14,249 - INFO - 日志文件: parse_sitemap.log
2025-12-05 00:47:14,249 - INFO - ==================================================
2025-12-05 00:47:15,267 - INFO - 已保存 29 个URL到 urls.txt
2025-12-05 00:47:15,267 - INFO - 前5个URL预览:
2025-12-05 00:47:15,267 - INFO - 1. https://www.bonan.online/
2025-12-05 00:47:15,267 - INFO - 2. https://www.bonan.online/posts/AwesomeWebsites
2025-12-05 00:47:15,267 - INFO - 3. https://www.bonan.online/posts/Badge
2025-12-05 00:47:15,267 - INFO - 4. https://www.bonan.online/posts/MeshDrawingPipeline
2025-12-05 00:47:15,267 - INFO - 5. https://www.bonan.online/posts/Lyra'sAnimation
2025-12-05 00:47:15,267 - INFO - ==================================================
2025-12-05 00:47:15,268 - INFO - 程序执行完成
2025-12-05 00:47:15,268 - INFO - URL列表已保存到: urls.txt
2025-12-05 00:47:15,268 - INFO - 如需提交到百度，请使用: python submit_baidu.py --urls-file urls.txt
2025-12-05 00:47:15,268 - INFO - ==================================================
2025-12-06 00:40:29,801 - INFO - 日志将保存到文件: parse_sitemap.log
2025-12-06 00:40:29,801 - INFO - ==================================================
2025-12-06 00:40:29,801 - INFO - Sitemap解析工具启动
2025-12-06 00:40:29,801 - INFO - 日志文件: parse_sitemap.log
2025-12-06 00:40:29,801 - INFO - ==================================================
2025-12-06 00:40:29,801 - INFO - 正在获取sitemap:  https://www.bonan.online/sitemap.xml
2025-12-06 00:40:31,056 - INFO - 从sitemap中提取到 30 个URL
2025-12-06 00:40:31,058 - INFO - 已保存 30 个URL到 urls.txt
2025-12-06 00:40:31,058 - INFO - 前5个URL预览:
2025-12-06 00:40:31,058 - INFO - 1. https://www.bonan.online/
2025-12-06 00:40:31,058 - INFO - 2. https://www.bonan.online/posts/FastFindInBlueprint
2025-12-06 00:40:31,058 - INFO - 3. https://www.bonan.online/posts/AwesomeWebsites
2025-12-06 00:40:31,058 - INFO - 4. https://www.bonan.online/posts/Badge
2025-12-06 00:40:31,058 - INFO - 5. https://www.bonan.online/posts/MeshDrawingPipeline
2025-12-06 00:40:31,058 - INFO - ==================================================
2025-12-06 00:40:31,058 - INFO - 程序执行完成
2025-12-06 00:40:31,058 - INFO - URL列表已保存到: urls.txt
2025-12-06 00:40:31,059 - INFO - 如需提交到百度，请使用: python submit_baidu.py --urls-file urls.txt
2025-12-06 00:40:31,059 - INFO - ==================================================
2025-12-06 00:44:39,092 - INFO - 日志将保存到文件: parse_sitemap.log
2025-12-06 00:44:39,092 - INFO - ==================================================
2025-12-06 00:44:39,092 - INFO - Sitemap解析工具启动
2025-12-06 00:44:39,092 - INFO - 日志文件: parse_sitemap.log
2025-12-06 00:44:39,092 - INFO - ==================================================
2025-12-06 00:44:40,098 - INFO - 已保存 30 个URL到 urls.txt
2025-12-06 00:44:40,099 - INFO - 前5个URL预览:
2025-12-06 00:44:40,099 - INFO - 1. https://www.bonan.online/
2025-12-06 00:44:40,099 - INFO - 2. https://www.bonan.online/posts/FastFindInBlueprint
2025-12-06 00:44:40,099 - INFO - 3. https://www.bonan.online/posts/AwesomeWebsites
2025-12-06 00:44:40,099 - INFO - 4. https://www.bonan.online/posts/Badge
2025-12-06 00:44:40,099 - INFO - 5. https://www.bonan.online/posts/MeshDrawingPipeline
2025-12-06 00:44:40,099 - INFO - ==================================================
2025-12-06 00:44:40,099 - INFO - 程序执行完成
2025-12-06 00:44:40,099 - INFO - URL列表已保存到: urls.txt
2025-12-06 00:44:40,099 - INFO - 如需提交到百度，请使用: python submit_baidu.py --urls-file urls.txt
2025-12-06 00:44:40,099 - INFO - ==================================================
2025-12-07 00:47:11,519 - INFO - 日志将保存到文件: parse_sitemap.log
2025-12-07 00:47:11,520 - INFO - ==================================================
2025-12-07 00:47:11,520 - INFO - Sitemap解析工具启动
2025-12-07 00:47:11,520 - INFO - 日志文件: parse_sitemap.log
2025-12-07 00:47:11,520 - INFO - ==================================================
2025-12-07 00:47:11,520 - INFO - 正在获取sitemap:  https://www.bonan.online/sitemap.xml
2025-12-07 00:47:12,698 - INFO - 从sitemap中提取到 30 个URL
2025-12-07 00:47:12,700 - INFO - 已保存 30 个URL到 urls.txt
2025-12-07 00:47:12,700 - INFO - 前5个URL预览:
2025-12-07 00:47:12,700 - INFO - 1. https://www.bonan.online/
2025-12-07 00:47:12,700 - INFO - 2. https://www.bonan.online/posts/FastFindInBlueprint
2025-12-07 00:47:12,700 - INFO - 3. https://www.bonan.online/posts/AwesomeWebsites
2025-12-07 00:47:12,700 - INFO - 4. https://www.bonan.online/posts/Badge
2025-12-07 00:47:12,700 - INFO - 5. https://www.bonan.online/posts/MeshDrawingPipeline
2025-12-07 00:47:12,700 - INFO - ==================================================
2025-12-07 00:47:12,700 - INFO - 程序执行完成
2025-12-07 00:47:12,701 - INFO - URL列表已保存到: urls.txt
2025-12-07 00:47:12,701 - INFO - 如需提交到百度，请使用: python submit_baidu.py --urls-file urls.txt
2025-12-07 00:47:12,701 - INFO - ==================================================
2025-12-07 00:53:20,569 - INFO - 日志将保存到文件: parse_sitemap.log
2025-12-07 00:53:20,569 - INFO - ==================================================
2025-12-07 00:53:20,569 - INFO - Sitemap解析工具启动
2025-12-07 00:53:20,569 - INFO - 日志文件: parse_sitemap.log
2025-12-07 00:53:20,569 - INFO - ==================================================
2025-12-07 00:53:21,781 - INFO - 已保存 30 个URL到 urls.txt
2025-12-07 00:53:21,781 - INFO - 前5个URL预览:
2025-12-07 00:53:21,781 - INFO - 1. https://www.bonan.online/
2025-12-07 00:53:21,781 - INFO - 2. https://www.bonan.online/posts/FastFindInBlueprint
2025-12-07 00:53:21,781 - INFO - 3. https://www.bonan.online/posts/AwesomeWebsites
2025-12-07 00:53:21,781 - INFO - 4. https://www.bonan.online/posts/Badge
2025-12-07 00:53:21,781 - INFO - 5. https://www.bonan.online/posts/MeshDrawingPipeline
2025-12-07 00:53:21,781 - INFO - ==================================================
2025-12-07 00:53:21,781 - INFO - 程序执行完成
2025-12-07 00:53:21,781 - INFO - URL列表已保存到: urls.txt
2025-12-07 00:53:21,781 - INFO - 如需提交到百度，请使用: python submit_baidu.py --urls-file urls.txt
2025-12-07 00:53:21,782 - INFO - ==================================================
2025-12-08 00:42:47,494 - INFO - 日志将保存到文件: parse_sitemap.log
2025-12-08 00:42:47,494 - INFO - ==================================================
2025-12-08 00:42:47,495 - INFO - Sitemap解析工具启动
2025-12-08 00:42:47,495 - INFO - 日志文件: parse_sitemap.log
2025-12-08 00:42:47,495 - INFO - ==================================================
2025-12-08 00:42:47,495 - INFO - 正在获取sitemap:  https://www.bonan.online/sitemap.xml
2025-12-08 00:42:48,656 - INFO - 从sitemap中提取到 32 个URL
2025-12-08 00:42:48,658 - INFO - 已保存 32 个URL到 urls.txt
2025-12-08 00:42:48,658 - INFO - 前5个URL预览:
2025-12-08 00:42:48,658 - INFO - 1. https://www.bonan.online/
2025-12-08 00:42:48,658 - INFO - 2. https://www.bonan.online/posts/VSAndLinuxAndDebug
2025-12-08 00:42:48,658 - INFO - 3. https://www.bonan.online/posts/FastFindInBlueprint
2025-12-08 00:42:48,658 - INFO - 4. https://www.bonan.online/posts/AwesomeWebsites
2025-12-08 00:42:48,658 - INFO - 5. https://www.bonan.online/posts/Badge
2025-12-08 00:42:48,658 - INFO - ==================================================
2025-12-08 00:42:48,658 - INFO - 程序执行完成
2025-12-08 00:42:48,658 - INFO - URL列表已保存到: urls.txt
2025-12-08 00:42:48,658 - INFO - 如需提交到百度，请使用: python submit_baidu.py --urls-file urls.txt
2025-12-08 00:42:48,658 - INFO - ==================================================
2025-12-08 00:48:12,908 - INFO - 日志将保存到文件: parse_sitemap.log
2025-12-08 00:48:12,908 - INFO - ==================================================
2025-12-08 00:48:12,908 - INFO - Sitemap解析工具启动
2025-12-08 00:48:12,908 - INFO - 日志文件: parse_sitemap.log
2025-12-08 00:48:12,908 - INFO - ==================================================
2025-12-08 00:48:14,033 - INFO - 已保存 32 个URL到 urls.txt
2025-12-08 00:48:14,034 - INFO - 前5个URL预览:
2025-12-08 00:48:14,034 - INFO - 1. https://www.bonan.online/
2025-12-08 00:48:14,034 - INFO - 2. https://www.bonan.online/posts/VSAndLinuxAndDebug
2025-12-08 00:48:14,034 - INFO - 3. https://www.bonan.online/posts/FastFindInBlueprint
2025-12-08 00:48:14,034 - INFO - 4. https://www.bonan.online/posts/AwesomeWebsites
2025-12-08 00:48:14,034 - INFO - 5. https://www.bonan.online/posts/Badge
2025-12-08 00:48:14,034 - INFO - ==================================================
2025-12-08 00:48:14,034 - INFO - 程序执行完成
2025-12-08 00:48:14,034 - INFO - URL列表已保存到: urls.txt
2025-12-08 00:48:14,034 - INFO - 如需提交到百度，请使用: python submit_baidu.py --urls-file urls.txt
2025-12-08 00:48:14,034 - INFO - ==================================================
2025-12-09 00:42:32,481 - INFO - 日志将保存到文件: parse_sitemap.log
2025-12-09 00:42:32,481 - INFO - ==================================================
2025-12-09 00:42:32,482 - INFO - Sitemap解析工具启动
2025-12-09 00:42:32,482 - INFO - 日志文件: parse_sitemap.log
2025-12-09 00:42:32,482 - INFO - ==================================================
2025-12-09 00:42:32,482 - INFO - 正在获取sitemap:  https://www.bonan.online/sitemap.xml
2025-12-09 00:42:33,501 - INFO - 从sitemap中提取到 33 个URL
2025-12-09 00:42:33,502 - INFO - 已保存 33 个URL到 urls.txt
2025-12-09 00:42:33,502 - INFO - 前5个URL预览:
2025-12-09 00:42:33,502 - INFO - 1. https://www.bonan.online/
2025-12-09 00:42:33,502 - INFO - 2. https://www.bonan.online/posts/build-your-own-shell
2025-12-09 00:42:33,502 - INFO - 3. https://www.bonan.online/posts/VSAndLinuxAndDebug
2025-12-09 00:42:33,502 - INFO - 4. https://www.bonan.online/posts/FastFindInBlueprint
2025-12-09 00:42:33,502 - INFO - 5. https://www.bonan.online/posts/AwesomeWebsites
2025-12-09 00:42:33,503 - INFO - ==================================================
2025-12-09 00:42:33,503 - INFO - 程序执行完成
2025-12-09 00:42:33,503 - INFO - URL列表已保存到: urls.txt
2025-12-09 00:42:33,503 - INFO - 如需提交到百度，请使用: python submit_baidu.py --urls-file urls.txt
2025-12-09 00:42:33,503 - INFO - ==================================================
2025-12-09 00:47:26,573 - INFO - 日志将保存到文件: parse_sitemap.log
2025-12-09 00:47:26,573 - INFO - ==================================================
2025-12-09 00:47:26,573 - INFO - Sitemap解析工具启动
2025-12-09 00:47:26,573 - INFO - 日志文件: parse_sitemap.log
2025-12-09 00:47:26,573 - INFO - ==================================================
2025-12-09 00:47:27,532 - INFO - 已保存 33 个URL到 urls.txt
2025-12-09 00:47:27,532 - INFO - 前5个URL预览:
2025-12-09 00:47:27,532 - INFO - 1. https://www.bonan.online/
2025-12-09 00:47:27,532 - INFO - 2. https://www.bonan.online/posts/build-your-own-shell
2025-12-09 00:47:27,532 - INFO - 3. https://www.bonan.online/posts/VSAndLinuxAndDebug
2025-12-09 00:47:27,533 - INFO - 4. https://www.bonan.online/posts/FastFindInBlueprint
2025-12-09 00:47:27,533 - INFO - 5. https://www.bonan.online/posts/AwesomeWebsites
2025-12-09 00:47:27,533 - INFO - ==================================================
2025-12-09 00:47:27,533 - INFO - 程序执行完成
2025-12-09 00:47:27,533 - INFO - URL列表已保存到: urls.txt
2025-12-09 00:47:27,533 - INFO - 如需提交到百度，请使用: python submit_baidu.py --urls-file urls.txt
2025-12-09 00:47:27,533 - INFO - ==================================================
2025-12-10 00:43:40,797 - INFO - 日志将保存到文件: parse_sitemap.log
2025-12-10 00:43:40,797 - INFO - ==================================================
2025-12-10 00:43:40,797 - INFO - Sitemap解析工具启动
2025-12-10 00:43:40,797 - INFO - 日志文件: parse_sitemap.log
2025-12-10 00:43:40,797 - INFO - ==================================================
2025-12-10 00:43:40,797 - INFO - 正在获取sitemap:  https://www.bonan.online/sitemap.xml
2025-12-10 00:43:42,346 - INFO - 从sitemap中提取到 33 个URL
2025-12-10 00:43:42,347 - INFO - 已保存 33 个URL到 urls.txt
2025-12-10 00:43:42,347 - INFO - 前5个URL预览:
2025-12-10 00:43:42,348 - INFO - 1. https://www.bonan.online/
2025-12-10 00:43:42,348 - INFO - 2. https://www.bonan.online/posts/build-your-own-shell
2025-12-10 00:43:42,348 - INFO - 3. https://www.bonan.online/posts/VSAndLinuxAndDebug
2025-12-10 00:43:42,348 - INFO - 4. https://www.bonan.online/posts/FastFindInBlueprint
2025-12-10 00:43:42,348 - INFO - 5. https://www.bonan.online/posts/AwesomeWebsites
2025-12-10 00:43:42,348 - INFO - ==================================================
2025-12-10 00:43:42,348 - INFO - 程序执行完成
2025-12-10 00:43:42,348 - INFO - URL列表已保存到: urls.txt
2025-12-10 00:43:42,348 - INFO - 如需提交到百度，请使用: python submit_baidu.py --urls-file urls.txt
2025-12-10 00:43:42,349 - INFO - ==================================================
2025-12-10 00:49:16,560 - INFO - 日志将保存到文件: parse_sitemap.log
2025-12-10 00:49:16,560 - INFO - ==================================================
2025-12-10 00:49:16,560 - INFO - Sitemap解析工具启动
2025-12-10 00:49:16,561 - INFO - 日志文件: parse_sitemap.log
2025-12-10 00:49:16,561 - INFO - ==================================================
2025-12-10 00:49:17,657 - INFO - 已保存 33 个URL到 urls.txt
2025-12-10 00:49:17,657 - INFO - 前5个URL预览:
2025-12-10 00:49:17,657 - INFO - 1. https://www.bonan.online/
2025-12-10 00:49:17,657 - INFO - 2. https://www.bonan.online/posts/build-your-own-shell
2025-12-10 00:49:17,658 - INFO - 3. https://www.bonan.online/posts/VSAndLinuxAndDebug
2025-12-10 00:49:17,658 - INFO - 4. https://www.bonan.online/posts/FastFindInBlueprint
2025-12-10 00:49:17,658 - INFO - 5. https://www.bonan.online/posts/AwesomeWebsites
2025-12-10 00:49:17,658 - INFO - ==================================================
2025-12-10 00:49:17,658 - INFO - 程序执行完成
2025-12-10 00:49:17,658 - INFO - URL列表已保存到: urls.txt
2025-12-10 00:49:17,658 - INFO - 如需提交到百度，请使用: python submit_baidu.py --urls-file urls.txt
2025-12-10 00:49:17,658 - INFO - ==================================================
2025-12-11 00:44:15,643 - INFO - 日志将保存到文件: parse_sitemap.log
2025-12-11 00:44:15,644 - INFO - ==================================================
2025-12-11 00:44:15,644 - INFO - Sitemap解析工具启动
2025-12-11 00:44:15,644 - INFO - 日志文件: parse_sitemap.log
2025-12-11 00:44:15,644 - INFO - ==================================================
2025-12-11 00:44:15,644 - INFO - 正在获取sitemap:  https://www.bonan.online/sitemap.xml
2025-12-11 00:44:16,794 - INFO - 从sitemap中提取到 33 个URL
2025-12-11 00:44:16,795 - INFO - 已保存 33 个URL到 urls.txt
2025-12-11 00:44:16,795 - INFO - 前5个URL预览:
2025-12-11 00:44:16,795 - INFO - 1. https://www.bonan.online/
2025-12-11 00:44:16,795 - INFO - 2. https://www.bonan.online/posts/build-your-own-shell
2025-12-11 00:44:16,796 - INFO - 3. https://www.bonan.online/posts/VSAndLinuxAndDebug
2025-12-11 00:44:16,796 - INFO - 4. https://www.bonan.online/posts/FastFindInBlueprint
2025-12-11 00:44:16,796 - INFO - 5. https://www.bonan.online/posts/AwesomeWebsites
2025-12-11 00:44:16,796 - INFO - ==================================================
2025-12-11 00:44:16,796 - INFO - 程序执行完成
2025-12-11 00:44:16,796 - INFO - URL列表已保存到: urls.txt
2025-12-11 00:44:16,796 - INFO - 如需提交到百度，请使用: python submit_baidu.py --urls-file urls.txt
2025-12-11 00:44:16,796 - INFO - ==================================================
2025-12-11 00:50:05,702 - INFO - 日志将保存到文件: parse_sitemap.log
2025-12-11 00:50:05,702 - INFO - ==================================================
2025-12-11 00:50:05,702 - INFO - Sitemap解析工具启动
2025-12-11 00:50:05,702 - INFO - 日志文件: parse_sitemap.log
2025-12-11 00:50:05,702 - INFO - ==================================================
2025-12-11 00:50:06,983 - INFO - 已保存 33 个URL到 urls.txt
2025-12-11 00:50:06,983 - INFO - 前5个URL预览:
2025-12-11 00:50:06,983 - INFO - 1. https://www.bonan.online/
2025-12-11 00:50:06,983 - INFO - 2. https://www.bonan.online/posts/build-your-own-shell
2025-12-11 00:50:06,983 - INFO - 3. https://www.bonan.online/posts/VSAndLinuxAndDebug
2025-12-11 00:50:06,983 - INFO - 4. https://www.bonan.online/posts/FastFindInBlueprint
2025-12-11 00:50:06,984 - INFO - 5. https://www.bonan.online/posts/AwesomeWebsites
2025-12-11 00:50:06,984 - INFO - ==================================================
2025-12-11 00:50:06,984 - INFO - 程序执行完成
2025-12-11 00:50:06,984 - INFO - URL列表已保存到: urls.txt
2025-12-11 00:50:06,984 - INFO - 如需提交到百度，请使用: python submit_baidu.py --urls-file urls.txt
2025-12-11 00:50:06,984 - INFO - ==================================================
2025-12-12 00:43:34,690 - INFO - 日志将保存到文件: parse_sitemap.log
2025-12-12 00:43:34,690 - INFO - ==================================================
2025-12-12 00:43:34,690 - INFO - Sitemap解析工具启动
2025-12-12 00:43:34,690 - INFO - 日志文件: parse_sitemap.log
2025-12-12 00:43:34,690 - INFO - ==================================================
2025-12-12 00:43:34,690 - INFO - 正在获取sitemap:  https://www.bonan.online/sitemap.xml
2025-12-12 00:43:35,691 - INFO - 从sitemap中提取到 33 个URL
2025-12-12 00:43:35,692 - INFO - 已保存 33 个URL到 urls.txt
2025-12-12 00:43:35,693 - INFO - 前5个URL预览:
2025-12-12 00:43:35,693 - INFO - 1. https://www.bonan.online/
2025-12-12 00:43:35,693 - INFO - 2. https://www.bonan.online/posts/build-your-own-shell
2025-12-12 00:43:35,693 - INFO - 3. https://www.bonan.online/posts/VSAndLinuxAndDebug
2025-12-12 00:43:35,693 - INFO - 4. https://www.bonan.online/posts/FastFindInBlueprint
2025-12-12 00:43:35,693 - INFO - 5. https://www.bonan.online/posts/AwesomeWebsites
2025-12-12 00:43:35,693 - INFO - ==================================================
2025-12-12 00:43:35,693 - INFO - 程序执行完成
2025-12-12 00:43:35,693 - INFO - URL列表已保存到: urls.txt
2025-12-12 00:43:35,693 - INFO - 如需提交到百度，请使用: python submit_baidu.py --urls-file urls.txt
2025-12-12 00:43:35,694 - INFO - ==================================================
2025-12-12 00:49:18,768 - INFO - 日志将保存到文件: parse_sitemap.log
2025-12-12 00:49:18,768 - INFO - ==================================================
2025-12-12 00:49:18,768 - INFO - Sitemap解析工具启动
2025-12-12 00:49:18,768 - INFO - 日志文件: parse_sitemap.log
2025-12-12 00:49:18,768 - INFO - ==================================================
2025-12-12 00:49:20,019 - INFO - 已保存 33 个URL到 urls.txt
2025-12-12 00:49:20,019 - INFO - 前5个URL预览:
2025-12-12 00:49:20,019 - INFO - 1. https://www.bonan.online/
2025-12-12 00:49:20,019 - INFO - 2. https://www.bonan.online/posts/build-your-own-shell
2025-12-12 00:49:20,019 - INFO - 3. https://www.bonan.online/posts/VSAndLinuxAndDebug
2025-12-12 00:49:20,019 - INFO - 4. https://www.bonan.online/posts/FastFindInBlueprint
2025-12-12 00:49:20,020 - INFO - 5. https://www.bonan.online/posts/AwesomeWebsites
2025-12-12 00:49:20,020 - INFO - ==================================================
2025-12-12 00:49:20,020 - INFO - 程序执行完成
2025-12-12 00:49:20,020 - INFO - URL列表已保存到: urls.txt
2025-12-12 00:49:20,020 - INFO - 如需提交到百度，请使用: python submit_baidu.py --urls-file urls.txt
2025-12-12 00:49:20,020 - INFO - ==================================================
2025-12-13 00:40:42,614 - INFO - 日志将保存到文件: parse_sitemap.log
2025-12-13 00:40:42,614 - INFO - ==================================================
2025-12-13 00:40:42,614 - INFO - Sitemap解析工具启动
2025-12-13 00:40:42,614 - INFO - 日志文件: parse_sitemap.log
2025-12-13 00:40:42,614 - INFO - ==================================================
2025-12-13 00:40:42,614 - INFO - 正在获取sitemap:  https://www.bonan.online/sitemap.xml
2025-12-13 00:40:44,187 - INFO - 从sitemap中提取到 34 个URL
2025-12-13 00:40:44,189 - INFO - 已保存 34 个URL到 urls.txt
2025-12-13 00:40:44,189 - INFO - 前5个URL预览:
2025-12-13 00:40:44,189 - INFO - 1. https://www.bonan.online/
2025-12-13 00:40:44,189 - INFO - 2. https://www.bonan.online/posts/bulid-your-own-grep
2025-12-13 00:40:44,189 - INFO - 3. https://www.bonan.online/posts/build-your-own-shell
2025-12-13 00:40:44,189 - INFO - 4. https://www.bonan.online/posts/VSAndLinuxAndDebug
2025-12-13 00:40:44,189 - INFO - 5. https://www.bonan.online/posts/FastFindInBlueprint
2025-12-13 00:40:44,189 - INFO - ==================================================
2025-12-13 00:40:44,189 - INFO - 程序执行完成
2025-12-13 00:40:44,189 - INFO - URL列表已保存到: urls.txt
2025-12-13 00:40:44,190 - INFO - 如需提交到百度，请使用: python submit_baidu.py --urls-file urls.txt
2025-12-13 00:40:44,190 - INFO - ==================================================
