2025-12-01 13:49:00,209 - INFO - 日志将保存到文件: submit_baidu.log
2025-12-01 13:49:00,209 - INFO - ==================================================
2025-12-01 13:49:00,209 - INFO - 百度URL提交工具启动
2025-12-01 13:49:00,209 - INFO - 日志文件: submit_baidu.log
2025-12-01 13:49:00,209 - INFO - ==================================================
2025-12-01 13:49:00,209 - INFO - 正在提交URL到百度API (Token: SNum***6Obr)
2025-12-01 13:49:00,209 - INFO - 站点URL: https://www.bonan.online
2025-12-01 13:49:00,209 - INFO - API URL: http://data.zz.baidu.com/urls?site=https%3A%2F%2Fwww.bonan.online&token=SNum***6Obr
2025-12-01 13:49:00,209 - INFO - 提交的URL数量: 27
2025-12-01 13:49:00,209 - INFO - 正在发送请求到百度API...
2025-12-01 13:49:01,253 - ERROR - 提交URL到百度失败: HTTP 400 - {"error":400,"message":"site init fail"}
2025-12-01 13:49:01,254 - INFO - ==================================================
2025-12-01 13:49:01,254 - INFO - 程序执行完成
2025-12-01 13:49:01,254 - INFO - ==================================================
2025-12-02 00:42:19,581 - INFO - 日志将保存到文件: submit_baidu.log
2025-12-02 00:42:19,581 - INFO - ==================================================
2025-12-02 00:42:19,581 - INFO - 百度URL提交工具启动
2025-12-02 00:42:19,581 - INFO - 日志文件: submit_baidu.log
2025-12-02 00:42:19,582 - INFO - ==================================================
2025-12-02 00:42:19,582 - INFO - 正在提交URL到百度API (Token: SNum***6Obr)
2025-12-02 00:42:19,582 - INFO - 站点URL: https://www.bonan.online
2025-12-02 00:42:19,582 - INFO - API URL: http://data.zz.baidu.com/urls?site=https%3A%2F%2Fwww.bonan.online&token=SNum***6Obr
2025-12-02 00:42:19,582 - INFO - 提交的URL数量: 27
2025-12-02 00:42:19,582 - INFO - 正在发送请求到百度API...
2025-12-02 00:42:20,210 - ERROR - 提交URL到百度失败: HTTP 400 - {"error":400,"message":"site init fail"}
2025-12-02 00:42:20,211 - INFO - ==================================================
2025-12-02 00:42:20,211 - INFO - 程序执行完成
2025-12-02 00:42:20,211 - INFO - ==================================================
